0 info it worked if it ends with ok
1 verbose cli [ '/usr/local/bin/node',
1 verbose cli   '/usr/local/bin/npm',
1 verbose cli   'install',
1 verbose cli   'canvas' ]
2 info using npm@3.8.5
3 info using node@v4.4.2
4 silly loadCurrentTree Starting
5 silly install loadCurrentTree
6 silly install readLocalPackageData
7 silly fetchPackageMetaData canvas
8 silly fetchNamedPackageData canvas
9 silly mapToRegistry name canvas
10 silly mapToRegistry using default registry
11 silly mapToRegistry registry https://registry.npmjs.org/
12 silly mapToRegistry data Result {
12 silly mapToRegistry   raw: 'canvas',
12 silly mapToRegistry   scope: null,
12 silly mapToRegistry   name: 'canvas',
12 silly mapToRegistry   rawSpec: '',
12 silly mapToRegistry   spec: 'latest',
12 silly mapToRegistry   type: 'tag' }
13 silly mapToRegistry uri https://registry.npmjs.org/canvas
14 verbose request uri https://registry.npmjs.org/canvas
15 verbose request no auth needed
16 info attempt registry request try #1 at 8:21:04 PM
17 verbose request id 6bd08fb026fe6025
18 verbose etag "BLNRMR0FBR8NN0NPYCTA9KINO"
19 http request GET https://registry.npmjs.org/canvas
20 http 304 https://registry.npmjs.org/canvas
21 verbose headers { date: 'Thu, 07 Apr 2016 12:21:02 GMT',
21 verbose headers   via: '1.1 varnish',
21 verbose headers   'cache-control': 'max-age=300',
21 verbose headers   etag: '"BLNRMR0FBR8NN0NPYCTA9KINO"',
21 verbose headers   age: '72',
21 verbose headers   connection: 'keep-alive',
21 verbose headers   'x-served-by': 'cache-hkg6820-HKG',
21 verbose headers   'x-cache': 'HIT',
21 verbose headers   'x-cache-hits': '1',
21 verbose headers   'x-timer': 'S1460031662.814216,VS0,VE0',
21 verbose headers   vary: 'Accept-Encoding' }
22 silly get cb [ 304,
22 silly get   { date: 'Thu, 07 Apr 2016 12:21:02 GMT',
22 silly get     via: '1.1 varnish',
22 silly get     'cache-control': 'max-age=300',
22 silly get     etag: '"BLNRMR0FBR8NN0NPYCTA9KINO"',
22 silly get     age: '72',
22 silly get     connection: 'keep-alive',
22 silly get     'x-served-by': 'cache-hkg6820-HKG',
22 silly get     'x-cache': 'HIT',
22 silly get     'x-cache-hits': '1',
22 silly get     'x-timer': 'S1460031662.814216,VS0,VE0',
22 silly get     vary: 'Accept-Encoding' } ]
23 verbose etag https://registry.npmjs.org/canvas from cache
24 verbose get saving canvas to /Users/florencewu/.npm/registry.npmjs.org/canvas/.cache.json
25 verbose correctMkdir /Users/florencewu/.npm correctMkdir not in flight; initializing
26 silly install normalizeTree
27 silly loadCurrentTree Finishing
28 silly loadIdealTree Starting
29 silly install loadIdealTree
30 silly cloneCurrentTree Starting
31 silly install cloneCurrentTreeToIdealTree
32 silly cloneCurrentTree Finishing
33 silly loadShrinkwrap Starting
34 silly install loadShrinkwrap
35 silly loadShrinkwrap Finishing
36 silly loadAllDepsIntoIdealTree Starting
37 silly install loadAllDepsIntoIdealTree
38 silly resolveWithNewModule canvas@1.3.12 checking installable status
39 silly cache add args [ 'canvas', null ]
40 verbose cache add spec canvas
41 silly cache add parsed spec Result {
41 silly cache add   raw: 'canvas',
41 silly cache add   scope: null,
41 silly cache add   name: 'canvas',
41 silly cache add   rawSpec: '',
41 silly cache add   spec: 'latest',
41 silly cache add   type: 'tag' }
42 silly addNamed canvas@latest
43 verbose addNamed "latest" is being treated as a dist-tag for canvas
44 info addNameTag [ 'canvas', 'latest' ]
45 silly mapToRegistry name canvas
46 silly mapToRegistry using default registry
47 silly mapToRegistry registry https://registry.npmjs.org/
48 silly mapToRegistry data Result {
48 silly mapToRegistry   raw: 'canvas',
48 silly mapToRegistry   scope: null,
48 silly mapToRegistry   name: 'canvas',
48 silly mapToRegistry   rawSpec: '',
48 silly mapToRegistry   spec: 'latest',
48 silly mapToRegistry   type: 'tag' }
49 silly mapToRegistry uri https://registry.npmjs.org/canvas
50 verbose addNameTag registry:https://registry.npmjs.org/canvas not in flight; fetching
51 verbose get https://registry.npmjs.org/canvas not expired, no request
52 silly addNameTag next cb for canvas with tag latest
53 silly addNamed canvas@1.3.12
54 verbose addNamed "1.3.12" is a plain semver version for canvas
55 silly cache afterAdd canvas@1.3.12
56 verbose afterAdd /Users/florencewu/.npm/canvas/1.3.12/package/package.json not in flight; writing
57 verbose correctMkdir /Users/florencewu/.npm correctMkdir not in flight; initializing
58 verbose afterAdd /Users/florencewu/.npm/canvas/1.3.12/package/package.json written
59 silly fetchNamedPackageData nan
60 silly mapToRegistry name nan
61 silly mapToRegistry using default registry
62 silly mapToRegistry registry https://registry.npmjs.org/
63 silly mapToRegistry data Result {
63 silly mapToRegistry   raw: 'nan',
63 silly mapToRegistry   scope: null,
63 silly mapToRegistry   name: 'nan',
63 silly mapToRegistry   rawSpec: '',
63 silly mapToRegistry   spec: 'latest',
63 silly mapToRegistry   type: 'tag' }
64 silly mapToRegistry uri https://registry.npmjs.org/nan
65 verbose request uri https://registry.npmjs.org/nan
66 verbose request no auth needed
67 info attempt registry request try #1 at 8:21:04 PM
68 verbose etag "2UZKQOUIL0TMX4WY7FZ5Q5HJQ"
69 http request GET https://registry.npmjs.org/nan
70 http 304 https://registry.npmjs.org/nan
71 verbose headers { date: 'Thu, 07 Apr 2016 12:21:03 GMT',
71 verbose headers   via: '1.1 varnish',
71 verbose headers   'cache-control': 'max-age=300',
71 verbose headers   etag: '"2UZKQOUIL0TMX4WY7FZ5Q5HJQ"',
71 verbose headers   age: '257',
71 verbose headers   connection: 'keep-alive',
71 verbose headers   'x-served-by': 'cache-hkg6820-HKG',
71 verbose headers   'x-cache': 'HIT',
71 verbose headers   'x-cache-hits': '2',
71 verbose headers   'x-timer': 'S1460031663.030722,VS0,VE0',
71 verbose headers   vary: 'Accept-Encoding' }
72 silly get cb [ 304,
72 silly get   { date: 'Thu, 07 Apr 2016 12:21:03 GMT',
72 silly get     via: '1.1 varnish',
72 silly get     'cache-control': 'max-age=300',
72 silly get     etag: '"2UZKQOUIL0TMX4WY7FZ5Q5HJQ"',
72 silly get     age: '257',
72 silly get     connection: 'keep-alive',
72 silly get     'x-served-by': 'cache-hkg6820-HKG',
72 silly get     'x-cache': 'HIT',
72 silly get     'x-cache-hits': '2',
72 silly get     'x-timer': 'S1460031663.030722,VS0,VE0',
72 silly get     vary: 'Accept-Encoding' } ]
73 verbose etag https://registry.npmjs.org/nan from cache
74 verbose get saving nan to /Users/florencewu/.npm/registry.npmjs.org/nan/.cache.json
75 verbose correctMkdir /Users/florencewu/.npm correctMkdir not in flight; initializing
76 silly resolveWithNewModule nan@2.2.1 checking installable status
77 silly cache add args [ 'nan@^2.1.0', null ]
78 verbose cache add spec nan@^2.1.0
79 silly cache add parsed spec Result {
79 silly cache add   raw: 'nan@^2.1.0',
79 silly cache add   scope: null,
79 silly cache add   name: 'nan',
79 silly cache add   rawSpec: '^2.1.0',
79 silly cache add   spec: '>=2.1.0 <3.0.0',
79 silly cache add   type: 'range' }
80 silly addNamed nan@>=2.1.0 <3.0.0
81 verbose addNamed ">=2.1.0 <3.0.0" is a valid semver range for nan
82 silly addNameRange { name: 'nan', range: '>=2.1.0 <3.0.0', hasData: false }
83 silly mapToRegistry name nan
84 silly mapToRegistry using default registry
85 silly mapToRegistry registry https://registry.npmjs.org/
86 silly mapToRegistry data Result {
86 silly mapToRegistry   raw: 'nan',
86 silly mapToRegistry   scope: null,
86 silly mapToRegistry   name: 'nan',
86 silly mapToRegistry   rawSpec: '',
86 silly mapToRegistry   spec: 'latest',
86 silly mapToRegistry   type: 'tag' }
87 silly mapToRegistry uri https://registry.npmjs.org/nan
88 verbose addNameRange registry:https://registry.npmjs.org/nan not in flight; fetching
89 verbose get https://registry.npmjs.org/nan not expired, no request
90 silly addNameRange number 2 { name: 'nan', range: '>=2.1.0 <3.0.0', hasData: true }
91 silly addNameRange versions [ 'nan',
91 silly addNameRange   [ '0.3.0-wip',
91 silly addNameRange     '0.3.0-wip2',
91 silly addNameRange     '0.3.0',
91 silly addNameRange     '0.3.1',
91 silly addNameRange     '0.3.2',
91 silly addNameRange     '0.4.0',
91 silly addNameRange     '0.4.1',
91 silly addNameRange     '0.4.2',
91 silly addNameRange     '0.4.3',
91 silly addNameRange     '0.4.4',
91 silly addNameRange     '0.5.0',
91 silly addNameRange     '0.5.1',
91 silly addNameRange     '0.5.2',
91 silly addNameRange     '0.6.0',
91 silly addNameRange     '0.7.0',
91 silly addNameRange     '0.7.1',
91 silly addNameRange     '0.8.0',
91 silly addNameRange     '1.0.0',
91 silly addNameRange     '1.1.0',
91 silly addNameRange     '1.1.1',
91 silly addNameRange     '1.1.2',
91 silly addNameRange     '1.2.0',
91 silly addNameRange     '1.3.0',
91 silly addNameRange     '1.4.0',
91 silly addNameRange     '1.4.1',
91 silly addNameRange     '1.5.0',
91 silly addNameRange     '1.4.2',
91 silly addNameRange     '1.4.3',
91 silly addNameRange     '1.5.1',
91 silly addNameRange     '1.5.2',
91 silly addNameRange     '1.6.0',
91 silly addNameRange     '1.5.3',
91 silly addNameRange     '1.6.1',
91 silly addNameRange     '1.6.2',
91 silly addNameRange     '1.7.0',
91 silly addNameRange     '1.8.0',
91 silly addNameRange     '1.8.1',
91 silly addNameRange     '1.8.2',
91 silly addNameRange     '1.8.3',
91 silly addNameRange     '1.8.4',
91 silly addNameRange     '1.9.0',
91 silly addNameRange     '2.0.0',
91 silly addNameRange     '2.0.1',
91 silly addNameRange     '2.0.2',
91 silly addNameRange     '2.0.3',
91 silly addNameRange     '2.0.4',
91 silly addNameRange     '2.0.5',
91 silly addNameRange     '2.0.6',
91 silly addNameRange     '2.0.7',
91 silly addNameRange     '2.0.8',
91 silly addNameRange     '2.0.9',
91 silly addNameRange     '2.1.0',
91 silly addNameRange     '2.2.0',
91 silly addNameRange     '2.2.1' ] ]
92 silly addNamed nan@2.2.1
93 verbose addNamed "2.2.1" is a plain semver version for nan
94 silly cache afterAdd nan@2.2.1
95 verbose afterAdd /Users/florencewu/.npm/nan/2.2.1/package/package.json not in flight; writing
96 verbose correctMkdir /Users/florencewu/.npm correctMkdir not in flight; initializing
97 verbose afterAdd /Users/florencewu/.npm/nan/2.2.1/package/package.json written
98 silly loadAllDepsIntoIdealTree Finishing
99 silly idealTree:prePrune Eden
99 silly idealTree:prePrune ├── accepts@1.2.13
99 silly idealTree:prePrune ├── acorn-globals@1.0.9
99 silly idealTree:prePrune ├── acorn@2.7.0
99 silly idealTree:prePrune ├── align-text@0.1.4
99 silly idealTree:prePrune ├── amdefine@1.0.0
99 silly idealTree:prePrune ├── array-flatten@1.1.1
99 silly idealTree:prePrune ├── asap@1.0.0
99 silly idealTree:prePrune ├── async@0.2.10
99 silly idealTree:prePrune ├── basic-auth@1.0.3
99 silly idealTree:prePrune ├── body-parser@1.13.3
99 silly idealTree:prePrune ├── bytes@2.1.0
99 silly idealTree:prePrune ├── camelcase@1.2.1
99 silly idealTree:prePrune ├── canvas@1.3.12
99 silly idealTree:prePrune ├── center-align@0.1.3
99 silly idealTree:prePrune ├── character-parser@1.2.1
99 silly idealTree:prePrune ├─┬ clean-css@3.4.11
99 silly idealTree:prePrune │ └── commander@2.8.1
99 silly idealTree:prePrune ├─┬ cliui@2.1.0
99 silly idealTree:prePrune │ └── wordwrap@0.0.2
99 silly idealTree:prePrune ├── commander@2.6.0
99 silly idealTree:prePrune ├── constantinople@3.0.2
99 silly idealTree:prePrune ├── content-disposition@0.5.1
99 silly idealTree:prePrune ├── content-type@1.0.1
99 silly idealTree:prePrune ├── cookie-parser@1.3.5
99 silly idealTree:prePrune ├── cookie-signature@1.0.6
99 silly idealTree:prePrune ├── cookie@0.1.3
99 silly idealTree:prePrune ├── css-parse@1.0.4
99 silly idealTree:prePrune ├── css-stringify@1.0.5
99 silly idealTree:prePrune ├── css@1.0.8
99 silly idealTree:prePrune ├── debug@2.2.0
99 silly idealTree:prePrune ├── decamelize@1.2.0
99 silly idealTree:prePrune ├── depd@1.0.1
99 silly idealTree:prePrune ├── destroy@1.0.4
99 silly idealTree:prePrune ├── ee-first@1.1.1
99 silly idealTree:prePrune ├── escape-html@1.0.3
99 silly idealTree:prePrune ├── etag@1.7.0
99 silly idealTree:prePrune ├─┬ express@4.13.4
99 silly idealTree:prePrune │ ├── cookie@0.1.5
99 silly idealTree:prePrune │ └── depd@1.1.0
99 silly idealTree:prePrune ├── finalhandler@0.4.1
99 silly idealTree:prePrune ├── forwarded@0.1.0
99 silly idealTree:prePrune ├── fresh@0.3.0
99 silly idealTree:prePrune ├── glob@3.2.11
99 silly idealTree:prePrune ├── graceful-readlink@1.0.1
99 silly idealTree:prePrune ├── http-errors@1.3.1
99 silly idealTree:prePrune ├── iconv-lite@0.4.11
99 silly idealTree:prePrune ├── inherits@2.0.1
99 silly idealTree:prePrune ├── ipaddr.js@1.0.5
99 silly idealTree:prePrune ├── is-buffer@1.1.3
99 silly idealTree:prePrune ├── is-promise@2.1.0
99 silly idealTree:prePrune ├── jade@1.11.0
99 silly idealTree:prePrune ├── jstransformer@0.0.2
99 silly idealTree:prePrune ├── kind-of@3.0.2
99 silly idealTree:prePrune ├── lazy-cache@1.0.3
99 silly idealTree:prePrune ├── longest@1.0.1
99 silly idealTree:prePrune ├── lru-cache@2.7.3
99 silly idealTree:prePrune ├── media-typer@0.3.0
99 silly idealTree:prePrune ├── merge-descriptors@1.0.1
99 silly idealTree:prePrune ├── methods@1.1.2
99 silly idealTree:prePrune ├── mime-db@1.22.0
99 silly idealTree:prePrune ├── mime-types@2.1.10
99 silly idealTree:prePrune ├── mime@1.3.4
99 silly idealTree:prePrune ├── minimatch@0.3.0
99 silly idealTree:prePrune ├── minimist@0.0.8
99 silly idealTree:prePrune ├── mkdirp@0.5.1
99 silly idealTree:prePrune ├── morgan@1.6.1
99 silly idealTree:prePrune ├── ms@0.7.1
99 silly idealTree:prePrune ├── nan@2.2.1
99 silly idealTree:prePrune ├── negotiator@0.5.3
99 silly idealTree:prePrune ├─┬ nib@1.1.0
99 silly idealTree:prePrune │ ├── css-parse@1.7.0
99 silly idealTree:prePrune │ ├── mkdirp@0.3.5
99 silly idealTree:prePrune │ ├── source-map@0.1.43
99 silly idealTree:prePrune │ └── stylus@0.49.3
99 silly idealTree:prePrune ├── on-finished@2.3.0
99 silly idealTree:prePrune ├── on-headers@1.0.1
99 silly idealTree:prePrune ├── optimist@0.3.7
99 silly idealTree:prePrune ├── parseurl@1.3.1
99 silly idealTree:prePrune ├── path-to-regexp@0.1.7
99 silly idealTree:prePrune ├── promise@6.1.0
99 silly idealTree:prePrune ├── proxy-addr@1.0.10
99 silly idealTree:prePrune ├── qs@4.0.0
99 silly idealTree:prePrune ├── range-parser@1.0.3
99 silly idealTree:prePrune ├─┬ raw-body@2.1.6
99 silly idealTree:prePrune │ ├── bytes@2.3.0
99 silly idealTree:prePrune │ └── iconv-lite@0.4.13
99 silly idealTree:prePrune ├── repeat-string@1.5.4
99 silly idealTree:prePrune ├── right-align@0.1.3
99 silly idealTree:prePrune ├── sax@0.5.8
99 silly idealTree:prePrune ├─┬ send@0.13.1
99 silly idealTree:prePrune │ └── depd@1.1.0
99 silly idealTree:prePrune ├── serve-favicon@2.3.0
99 silly idealTree:prePrune ├── serve-static@1.10.2
99 silly idealTree:prePrune ├── sigmund@1.0.1
99 silly idealTree:prePrune ├── source-map@0.4.4
99 silly idealTree:prePrune ├── statuses@1.2.1
99 silly idealTree:prePrune ├─┬ stylus@0.42.3
99 silly idealTree:prePrune │ ├── css-parse@1.7.0
99 silly idealTree:prePrune │ └── mkdirp@0.3.5
99 silly idealTree:prePrune ├─┬ transformers@2.1.0
99 silly idealTree:prePrune │ ├── is-promise@1.0.1
99 silly idealTree:prePrune │ ├── promise@2.0.0
99 silly idealTree:prePrune │ ├── source-map@0.1.43
99 silly idealTree:prePrune │ └── uglify-js@2.2.5
99 silly idealTree:prePrune ├── type-is@1.6.12
99 silly idealTree:prePrune ├─┬ uglify-js@2.6.2
99 silly idealTree:prePrune │ └── source-map@0.5.3
99 silly idealTree:prePrune ├── uglify-to-browserify@1.0.2
99 silly idealTree:prePrune ├── unpipe@1.0.0
99 silly idealTree:prePrune ├── utils-merge@1.0.0
99 silly idealTree:prePrune ├── vary@1.0.1
99 silly idealTree:prePrune ├── void-elements@2.0.1
99 silly idealTree:prePrune ├── window-size@0.1.0
99 silly idealTree:prePrune ├─┬ with@4.0.3
99 silly idealTree:prePrune │ └── acorn@1.2.2
99 silly idealTree:prePrune ├── wordwrap@0.0.3
99 silly idealTree:prePrune └── yargs@3.10.0
100 silly loadIdealTree Finishing
101 silly currentTree Eden
101 silly currentTree ├── accepts@1.2.13
101 silly currentTree ├── acorn-globals@1.0.9
101 silly currentTree ├── acorn@2.7.0
101 silly currentTree ├── align-text@0.1.4
101 silly currentTree ├── amdefine@1.0.0
101 silly currentTree ├── array-flatten@1.1.1
101 silly currentTree ├── asap@1.0.0
101 silly currentTree ├── async@0.2.10
101 silly currentTree ├── basic-auth@1.0.3
101 silly currentTree ├── body-parser@1.13.3
101 silly currentTree ├── bytes@2.1.0
101 silly currentTree ├── camelcase@1.2.1
101 silly currentTree ├── center-align@0.1.3
101 silly currentTree ├── character-parser@1.2.1
101 silly currentTree ├─┬ clean-css@3.4.11
101 silly currentTree │ └── commander@2.8.1
101 silly currentTree ├─┬ cliui@2.1.0
101 silly currentTree │ └── wordwrap@0.0.2
101 silly currentTree ├── commander@2.6.0
101 silly currentTree ├── constantinople@3.0.2
101 silly currentTree ├── content-disposition@0.5.1
101 silly currentTree ├── content-type@1.0.1
101 silly currentTree ├── cookie-parser@1.3.5
101 silly currentTree ├── cookie-signature@1.0.6
101 silly currentTree ├── cookie@0.1.3
101 silly currentTree ├── css-parse@1.0.4
101 silly currentTree ├── css-stringify@1.0.5
101 silly currentTree ├── css@1.0.8
101 silly currentTree ├── debug@2.2.0
101 silly currentTree ├── decamelize@1.2.0
101 silly currentTree ├── depd@1.0.1
101 silly currentTree ├── destroy@1.0.4
101 silly currentTree ├── ee-first@1.1.1
101 silly currentTree ├── escape-html@1.0.3
101 silly currentTree ├── etag@1.7.0
101 silly currentTree ├─┬ express@4.13.4
101 silly currentTree │ ├── cookie@0.1.5
101 silly currentTree │ └── depd@1.1.0
101 silly currentTree ├── finalhandler@0.4.1
101 silly currentTree ├── forwarded@0.1.0
101 silly currentTree ├── fresh@0.3.0
101 silly currentTree ├── glob@3.2.11
101 silly currentTree ├── graceful-readlink@1.0.1
101 silly currentTree ├── http-errors@1.3.1
101 silly currentTree ├── iconv-lite@0.4.11
101 silly currentTree ├── inherits@2.0.1
101 silly currentTree ├── ipaddr.js@1.0.5
101 silly currentTree ├── is-buffer@1.1.3
101 silly currentTree ├── is-promise@2.1.0
101 silly currentTree ├── jade@1.11.0
101 silly currentTree ├── jstransformer@0.0.2
101 silly currentTree ├── kind-of@3.0.2
101 silly currentTree ├── lazy-cache@1.0.3
101 silly currentTree ├── longest@1.0.1
101 silly currentTree ├── lru-cache@2.7.3
101 silly currentTree ├── media-typer@0.3.0
101 silly currentTree ├── merge-descriptors@1.0.1
101 silly currentTree ├── methods@1.1.2
101 silly currentTree ├── mime-db@1.22.0
101 silly currentTree ├── mime-types@2.1.10
101 silly currentTree ├── mime@1.3.4
101 silly currentTree ├── minimatch@0.3.0
101 silly currentTree ├── minimist@0.0.8
101 silly currentTree ├── mkdirp@0.5.1
101 silly currentTree ├── morgan@1.6.1
101 silly currentTree ├── ms@0.7.1
101 silly currentTree ├── negotiator@0.5.3
101 silly currentTree ├─┬ nib@1.1.0
101 silly currentTree │ ├── css-parse@1.7.0
101 silly currentTree │ ├── mkdirp@0.3.5
101 silly currentTree │ ├── source-map@0.1.43
101 silly currentTree │ └── stylus@0.49.3
101 silly currentTree ├── on-finished@2.3.0
101 silly currentTree ├── on-headers@1.0.1
101 silly currentTree ├── optimist@0.3.7
101 silly currentTree ├── parseurl@1.3.1
101 silly currentTree ├── path-to-regexp@0.1.7
101 silly currentTree ├── promise@6.1.0
101 silly currentTree ├── proxy-addr@1.0.10
101 silly currentTree ├── qs@4.0.0
101 silly currentTree ├── range-parser@1.0.3
101 silly currentTree ├─┬ raw-body@2.1.6
101 silly currentTree │ ├── bytes@2.3.0
101 silly currentTree │ └── iconv-lite@0.4.13
101 silly currentTree ├── repeat-string@1.5.4
101 silly currentTree ├── right-align@0.1.3
101 silly currentTree ├── sax@0.5.8
101 silly currentTree ├─┬ send@0.13.1
101 silly currentTree │ └── depd@1.1.0
101 silly currentTree ├── serve-favicon@2.3.0
101 silly currentTree ├── serve-static@1.10.2
101 silly currentTree ├── sigmund@1.0.1
101 silly currentTree ├── source-map@0.4.4
101 silly currentTree ├── statuses@1.2.1
101 silly currentTree ├─┬ stylus@0.42.3
101 silly currentTree │ ├── css-parse@1.7.0
101 silly currentTree │ └── mkdirp@0.3.5
101 silly currentTree ├─┬ transformers@2.1.0
101 silly currentTree │ ├── is-promise@1.0.1
101 silly currentTree │ ├── promise@2.0.0
101 silly currentTree │ ├── source-map@0.1.43
101 silly currentTree │ └── uglify-js@2.2.5
101 silly currentTree ├── type-is@1.6.12
101 silly currentTree ├─┬ uglify-js@2.6.2
101 silly currentTree │ └── source-map@0.5.3
101 silly currentTree ├── uglify-to-browserify@1.0.2
101 silly currentTree ├── unpipe@1.0.0
101 silly currentTree ├── utils-merge@1.0.0
101 silly currentTree ├── vary@1.0.1
101 silly currentTree ├── void-elements@2.0.1
101 silly currentTree ├── window-size@0.1.0
101 silly currentTree ├─┬ with@4.0.3
101 silly currentTree │ └── acorn@1.2.2
101 silly currentTree ├── wordwrap@0.0.3
101 silly currentTree └── yargs@3.10.0
102 silly idealTree Eden
102 silly idealTree ├── accepts@1.2.13
102 silly idealTree ├── acorn-globals@1.0.9
102 silly idealTree ├── acorn@2.7.0
102 silly idealTree ├── align-text@0.1.4
102 silly idealTree ├── amdefine@1.0.0
102 silly idealTree ├── array-flatten@1.1.1
102 silly idealTree ├── asap@1.0.0
102 silly idealTree ├── async@0.2.10
102 silly idealTree ├── basic-auth@1.0.3
102 silly idealTree ├── body-parser@1.13.3
102 silly idealTree ├── bytes@2.1.0
102 silly idealTree ├── camelcase@1.2.1
102 silly idealTree ├── canvas@1.3.12
102 silly idealTree ├── center-align@0.1.3
102 silly idealTree ├── character-parser@1.2.1
102 silly idealTree ├─┬ clean-css@3.4.11
102 silly idealTree │ └── commander@2.8.1
102 silly idealTree ├─┬ cliui@2.1.0
102 silly idealTree │ └── wordwrap@0.0.2
102 silly idealTree ├── commander@2.6.0
102 silly idealTree ├── constantinople@3.0.2
102 silly idealTree ├── content-disposition@0.5.1
102 silly idealTree ├── content-type@1.0.1
102 silly idealTree ├── cookie-parser@1.3.5
102 silly idealTree ├── cookie-signature@1.0.6
102 silly idealTree ├── cookie@0.1.3
102 silly idealTree ├── css-parse@1.0.4
102 silly idealTree ├── css-stringify@1.0.5
102 silly idealTree ├── css@1.0.8
102 silly idealTree ├── debug@2.2.0
102 silly idealTree ├── decamelize@1.2.0
102 silly idealTree ├── depd@1.0.1
102 silly idealTree ├── destroy@1.0.4
102 silly idealTree ├── ee-first@1.1.1
102 silly idealTree ├── escape-html@1.0.3
102 silly idealTree ├── etag@1.7.0
102 silly idealTree ├─┬ express@4.13.4
102 silly idealTree │ ├── cookie@0.1.5
102 silly idealTree │ └── depd@1.1.0
102 silly idealTree ├── finalhandler@0.4.1
102 silly idealTree ├── forwarded@0.1.0
102 silly idealTree ├── fresh@0.3.0
102 silly idealTree ├── glob@3.2.11
102 silly idealTree ├── graceful-readlink@1.0.1
102 silly idealTree ├── http-errors@1.3.1
102 silly idealTree ├── iconv-lite@0.4.11
102 silly idealTree ├── inherits@2.0.1
102 silly idealTree ├── ipaddr.js@1.0.5
102 silly idealTree ├── is-buffer@1.1.3
102 silly idealTree ├── is-promise@2.1.0
102 silly idealTree ├── jade@1.11.0
102 silly idealTree ├── jstransformer@0.0.2
102 silly idealTree ├── kind-of@3.0.2
102 silly idealTree ├── lazy-cache@1.0.3
102 silly idealTree ├── longest@1.0.1
102 silly idealTree ├── lru-cache@2.7.3
102 silly idealTree ├── media-typer@0.3.0
102 silly idealTree ├── merge-descriptors@1.0.1
102 silly idealTree ├── methods@1.1.2
102 silly idealTree ├── mime-db@1.22.0
102 silly idealTree ├── mime-types@2.1.10
102 silly idealTree ├── mime@1.3.4
102 silly idealTree ├── minimatch@0.3.0
102 silly idealTree ├── minimist@0.0.8
102 silly idealTree ├── mkdirp@0.5.1
102 silly idealTree ├── morgan@1.6.1
102 silly idealTree ├── ms@0.7.1
102 silly idealTree ├── nan@2.2.1
102 silly idealTree ├── negotiator@0.5.3
102 silly idealTree ├─┬ nib@1.1.0
102 silly idealTree │ ├── css-parse@1.7.0
102 silly idealTree │ ├── mkdirp@0.3.5
102 silly idealTree │ ├── source-map@0.1.43
102 silly idealTree │ └── stylus@0.49.3
102 silly idealTree ├── on-finished@2.3.0
102 silly idealTree ├── on-headers@1.0.1
102 silly idealTree ├── optimist@0.3.7
102 silly idealTree ├── parseurl@1.3.1
102 silly idealTree ├── path-to-regexp@0.1.7
102 silly idealTree ├── promise@6.1.0
102 silly idealTree ├── proxy-addr@1.0.10
102 silly idealTree ├── qs@4.0.0
102 silly idealTree ├── range-parser@1.0.3
102 silly idealTree ├─┬ raw-body@2.1.6
102 silly idealTree │ ├── bytes@2.3.0
102 silly idealTree │ └── iconv-lite@0.4.13
102 silly idealTree ├── repeat-string@1.5.4
102 silly idealTree ├── right-align@0.1.3
102 silly idealTree ├── sax@0.5.8
102 silly idealTree ├─┬ send@0.13.1
102 silly idealTree │ └── depd@1.1.0
102 silly idealTree ├── serve-favicon@2.3.0
102 silly idealTree ├── serve-static@1.10.2
102 silly idealTree ├── sigmund@1.0.1
102 silly idealTree ├── source-map@0.4.4
102 silly idealTree ├── statuses@1.2.1
102 silly idealTree ├─┬ stylus@0.42.3
102 silly idealTree │ ├── css-parse@1.7.0
102 silly idealTree │ └── mkdirp@0.3.5
102 silly idealTree ├─┬ transformers@2.1.0
102 silly idealTree │ ├── is-promise@1.0.1
102 silly idealTree │ ├── promise@2.0.0
102 silly idealTree │ ├── source-map@0.1.43
102 silly idealTree │ └── uglify-js@2.2.5
102 silly idealTree ├── type-is@1.6.12
102 silly idealTree ├─┬ uglify-js@2.6.2
102 silly idealTree │ └── source-map@0.5.3
102 silly idealTree ├── uglify-to-browserify@1.0.2
102 silly idealTree ├── unpipe@1.0.0
102 silly idealTree ├── utils-merge@1.0.0
102 silly idealTree ├── vary@1.0.1
102 silly idealTree ├── void-elements@2.0.1
102 silly idealTree ├── window-size@0.1.0
102 silly idealTree ├─┬ with@4.0.3
102 silly idealTree │ └── acorn@1.2.2
102 silly idealTree ├── wordwrap@0.0.3
102 silly idealTree └── yargs@3.10.0
103 silly generateActionsToTake Starting
104 silly install generateActionsToTake
105 silly generateActionsToTake Finishing
106 silly diffTrees action count 3
107 silly diffTrees add nan@2.2.1
108 silly diffTrees add canvas@1.3.12
109 silly diffTrees update nib@1.1.0
110 silly decomposeActions action count 24
111 silly decomposeActions fetch nan@2.2.1
112 silly decomposeActions extract nan@2.2.1
113 silly decomposeActions test nan@2.2.1
114 silly decomposeActions preinstall nan@2.2.1
115 silly decomposeActions build nan@2.2.1
116 silly decomposeActions install nan@2.2.1
117 silly decomposeActions postinstall nan@2.2.1
118 silly decomposeActions finalize nan@2.2.1
119 silly decomposeActions fetch canvas@1.3.12
120 silly decomposeActions extract canvas@1.3.12
121 silly decomposeActions test canvas@1.3.12
122 silly decomposeActions preinstall canvas@1.3.12
123 silly decomposeActions build canvas@1.3.12
124 silly decomposeActions install canvas@1.3.12
125 silly decomposeActions postinstall canvas@1.3.12
126 silly decomposeActions finalize canvas@1.3.12
127 silly decomposeActions fetch nib@1.1.0
128 silly decomposeActions extract nib@1.1.0
129 silly decomposeActions test nib@1.1.0
130 silly decomposeActions preinstall nib@1.1.0
131 silly decomposeActions build nib@1.1.0
132 silly decomposeActions install nib@1.1.0
133 silly decomposeActions postinstall nib@1.1.0
134 silly decomposeActions finalize nib@1.1.0
135 silly executeActions Starting
136 silly install executeActions
137 silly doSerial global-install 0
138 silly doParallel fetch 3
139 verbose correctMkdir /Users/florencewu/.npm/_locks correctMkdir not in flight; initializing
140 verbose lock using /Users/florencewu/.npm/_locks/staging-a8ec23e454354e91.lock for /Users/florencewu/Desktop/Networking/Eden/node_modules/.staging
141 silly doParallel extract 3
142 silly extract nan@2.2.1
143 silly extract canvas@1.3.12
144 silly extract nib@1.1.0
145 verbose unbuild node_modules/.staging/nan-79f94fb3
146 verbose unbuild node_modules/.staging/canvas-24934df6
147 verbose unbuild node_modules/.staging/nib-96814947
148 silly gentlyRm /Users/florencewu/Desktop/Networking/Eden/node_modules/.staging/nan-79f94fb3 is being purged from base /Users/florencewu/Desktop/Networking/Eden
149 verbose gentlyRm don't care about contents; nuking /Users/florencewu/Desktop/Networking/Eden/node_modules/.staging/nan-79f94fb3
150 silly gentlyRm /Users/florencewu/Desktop/Networking/Eden/node_modules/.staging/canvas-24934df6 is being purged from base /Users/florencewu/Desktop/Networking/Eden
151 verbose gentlyRm don't care about contents; nuking /Users/florencewu/Desktop/Networking/Eden/node_modules/.staging/canvas-24934df6
152 silly gentlyRm /Users/florencewu/Desktop/Networking/Eden/node_modules/.staging/nib-96814947 is being purged from base /Users/florencewu/Desktop/Networking/Eden
153 verbose gentlyRm don't care about contents; nuking /Users/florencewu/Desktop/Networking/Eden/node_modules/.staging/nib-96814947
154 verbose tar unpack /Users/florencewu/.npm/nan/2.2.1/package.tgz
155 verbose tar unpacking to /Users/florencewu/Desktop/Networking/Eden/node_modules/.staging/nan-79f94fb3
156 silly gentlyRm /Users/florencewu/Desktop/Networking/Eden/node_modules/.staging/nan-79f94fb3 is being purged
157 verbose gentlyRm don't care about contents; nuking /Users/florencewu/Desktop/Networking/Eden/node_modules/.staging/nan-79f94fb3
158 verbose tar unpack /Users/florencewu/.npm/canvas/1.3.12/package.tgz
159 verbose tar unpacking to /Users/florencewu/Desktop/Networking/Eden/node_modules/.staging/canvas-24934df6
160 silly gentlyRm /Users/florencewu/Desktop/Networking/Eden/node_modules/.staging/canvas-24934df6 is being purged
161 verbose gentlyRm don't care about contents; nuking /Users/florencewu/Desktop/Networking/Eden/node_modules/.staging/canvas-24934df6
162 verbose tar unpack /Users/florencewu/.npm/nib/1.1.0/package.tgz
163 verbose tar unpacking to /Users/florencewu/Desktop/Networking/Eden/node_modules/.staging/nib-96814947
164 silly gentlyRm /Users/florencewu/Desktop/Networking/Eden/node_modules/.staging/nib-96814947 is being purged
165 verbose gentlyRm don't care about contents; nuking /Users/florencewu/Desktop/Networking/Eden/node_modules/.staging/nib-96814947
166 silly gunzTarPerm modes [ '755', '644' ]
167 silly gunzTarPerm modes [ '755', '644' ]
168 silly gunzTarPerm modes [ '755', '644' ]
169 silly gunzTarPerm extractEntry package.json
170 silly gunzTarPerm modified mode [ 'package.json', 436, 420 ]
171 silly gunzTarPerm extractEntry package.json
172 silly gunzTarPerm extractEntry package.json
173 silly gunzTarPerm modified mode [ 'package.json', 436, 420 ]
174 silly gunzTarPerm extractEntry include_dirs.js
175 silly gunzTarPerm modified mode [ 'include_dirs.js', 436, 420 ]
176 silly gunzTarPerm extractEntry nan_converters.h
177 silly gunzTarPerm modified mode [ 'nan_converters.h', 436, 420 ]
178 silly gunzTarPerm extractEntry .npmignore
179 silly gunzTarPerm extractEntry index.js
180 silly gunzTarPerm extractEntry .npmignore
181 silly gunzTarPerm modified mode [ '.npmignore', 436, 420 ]
182 silly gunzTarPerm extractEntry LICENSE
183 silly gunzTarPerm modified mode [ 'LICENSE', 438, 420 ]
184 silly gunzTarPerm extractEntry Readme.md
185 silly gunzTarPerm extractEntry binding.gyp
186 silly gunzTarPerm extractEntry LICENSE.md
187 silly gunzTarPerm modified mode [ 'LICENSE.md', 436, 420 ]
188 silly gunzTarPerm extractEntry .dntrc
189 silly gunzTarPerm modified mode [ '.dntrc', 436, 420 ]
190 silly gunzTarPerm extractEntry iconic/demo.html
191 silly gunzTarPerm modified mode [ 'iconic/demo.html', 436, 420 ]
192 silly gunzTarPerm extractEntry iconic/iconic.css
193 silly gunzTarPerm modified mode [ 'iconic/iconic.css', 436, 420 ]
194 silly gunzTarPerm extractEntry appveyor.yml
195 silly gunzTarPerm modified mode [ 'appveyor.yml', 436, 420 ]
196 silly gunzTarPerm extractEntry doc/new.md
197 silly gunzTarPerm modified mode [ 'doc/new.md', 436, 420 ]
198 silly gunzTarPerm extractEntry .travis.yml
199 silly gunzTarPerm extractEntry iconic/iconic_stroke.eot
200 silly gunzTarPerm modified mode [ 'iconic/iconic_stroke.eot', 436, 420 ]
201 silly gunzTarPerm extractEntry iconic/iconic_stroke.otf
202 silly gunzTarPerm modified mode [ 'iconic/iconic_stroke.otf', 436, 420 ]
203 silly gunzTarPerm extractEntry lib/bindings.js
204 silly gunzTarPerm extractEntry lib/canvas.js
205 silly gunzTarPerm extractEntry doc/.build.sh
206 silly gunzTarPerm modified mode [ 'doc/.build.sh', 509, 493 ]
207 silly gunzTarPerm extractEntry iconic/iconic_stroke.svg
208 silly gunzTarPerm modified mode [ 'iconic/iconic_stroke.svg', 436, 420 ]
209 silly gunzTarPerm extractEntry iconic/iconic_stroke.ttf
210 silly gunzTarPerm modified mode [ 'iconic/iconic_stroke.ttf', 436, 420 ]
211 silly gunzTarPerm extractEntry doc/buffers.md
212 silly gunzTarPerm modified mode [ 'doc/buffers.md', 436, 420 ]
213 silly gunzTarPerm extractEntry doc/callback.md
214 silly gunzTarPerm modified mode [ 'doc/callback.md', 436, 420 ]
215 silly gunzTarPerm extractEntry lib/context2d.js
216 silly gunzTarPerm extractEntry lib/image.js
217 silly gunzTarPerm extractEntry .editorconfig
218 silly gunzTarPerm extractEntry Readme.md
219 silly gunzTarPerm modified mode [ 'Readme.md', 436, 420 ]
220 silly gunzTarPerm extractEntry doc/converters.md
221 silly gunzTarPerm modified mode [ 'doc/converters.md', 436, 420 ]
222 silly gunzTarPerm extractEntry doc/errors.md
223 silly gunzTarPerm modified mode [ 'doc/errors.md', 436, 420 ]
224 silly gunzTarPerm extractEntry lib/jpegstream.js
225 silly gunzTarPerm extractEntry lib/pngstream.js
226 silly gunzTarPerm extractEntry docs/README.md
227 silly gunzTarPerm modified mode [ 'docs/README.md', 436, 420 ]
228 silly gunzTarPerm extractEntry index.styl
229 silly gunzTarPerm modified mode [ 'index.styl', 436, 420 ]
230 silly gunzTarPerm extractEntry lib/nib.js
231 silly gunzTarPerm extractEntry lib/nib/index.styl
232 silly gunzTarPerm modified mode [ 'lib/nib/index.styl', 436, 420 ]
233 silly gunzTarPerm extractEntry History.md
234 silly gunzTarPerm extractEntry src/Image.cc
235 silly gunzTarPerm extractEntry doc/maybe_types.md
236 silly gunzTarPerm modified mode [ 'doc/maybe_types.md', 436, 420 ]
237 silly gunzTarPerm extractEntry doc/methods.md
238 silly gunzTarPerm modified mode [ 'doc/methods.md', 436, 420 ]
239 silly gunzTarPerm extractEntry lib/nib/border.styl
240 silly gunzTarPerm modified mode [ 'lib/nib/border.styl', 436, 420 ]
241 silly gunzTarPerm extractEntry lib/nib/color-image.styl
242 silly gunzTarPerm modified mode [ 'lib/nib/color-image.styl', 436, 420 ]
243 silly gunzTarPerm extractEntry lib/nib/config.styl
244 silly gunzTarPerm modified mode [ 'lib/nib/config.styl', 436, 420 ]
245 silly gunzTarPerm extractEntry lib/nib/flex.styl
246 silly gunzTarPerm extractEntry src/Canvas.cc
247 silly gunzTarPerm extractEntry src/CanvasGradient.cc
248 silly gunzTarPerm extractEntry doc/asyncworker.md
249 silly gunzTarPerm modified mode [ 'doc/asyncworker.md', 436, 420 ]
250 silly gunzTarPerm extractEntry doc/node_misc.md
251 silly gunzTarPerm modified mode [ 'doc/node_misc.md', 436, 420 ]
252 silly gunzTarPerm extractEntry lib/nib/gradients.styl
253 silly gunzTarPerm extractEntry lib/nib/iconic.styl
254 silly gunzTarPerm modified mode [ 'lib/nib/iconic.styl', 436, 420 ]
255 silly gunzTarPerm extractEntry lib/nib/image.styl
256 silly gunzTarPerm modified mode [ 'lib/nib/image.styl', 436, 420 ]
257 silly gunzTarPerm extractEntry src/CanvasGradient.h
258 silly gunzTarPerm extractEntry src/CanvasPattern.cc
259 silly gunzTarPerm extractEntry doc/object_wrappers.md
260 silly gunzTarPerm modified mode [ 'doc/object_wrappers.md', 436, 420 ]
261 silly gunzTarPerm extractEntry doc/persistent.md
262 silly gunzTarPerm modified mode [ 'doc/persistent.md', 436, 420 ]
263 silly gunzTarPerm extractEntry lib/nib/clearfix.styl
264 silly gunzTarPerm extractEntry lib/nib/normalize/base.styl
265 silly gunzTarPerm modified mode [ 'lib/nib/normalize/base.styl', 436, 420 ]
266 silly gunzTarPerm extractEntry src/CanvasPattern.h
267 silly gunzTarPerm extractEntry src/CanvasRenderingContext2d.cc
268 silly gunzTarPerm extractEntry doc/scopes.md
269 silly gunzTarPerm modified mode [ 'doc/scopes.md', 436, 420 ]
270 silly gunzTarPerm extractEntry doc/script.md
271 silly gunzTarPerm modified mode [ 'doc/script.md', 436, 420 ]
272 silly gunzTarPerm extractEntry lib/nib/normalize/embed.styl
273 silly gunzTarPerm modified mode [ 'lib/nib/normalize/embed.styl', 436, 420 ]
274 silly gunzTarPerm extractEntry lib/nib/normalize/forms.styl
275 silly gunzTarPerm modified mode [ 'lib/nib/normalize/forms.styl', 436, 420 ]
276 silly gunzTarPerm extractEntry lib/nib/normalize/groups.styl
277 silly gunzTarPerm modified mode [ 'lib/nib/normalize/groups.styl', 436, 420 ]
278 silly gunzTarPerm extractEntry lib/nib/normalize/html5.styl
279 silly gunzTarPerm modified mode [ 'lib/nib/normalize/html5.styl', 436, 420 ]
280 silly gunzTarPerm extractEntry src/CanvasRenderingContext2d.h
281 silly gunzTarPerm extractEntry src/FontFace.cc
282 silly gunzTarPerm extractEntry doc/string_bytes.md
283 silly gunzTarPerm modified mode [ 'doc/string_bytes.md', 436, 420 ]
284 silly gunzTarPerm extractEntry doc/v8_internals.md
285 silly gunzTarPerm modified mode [ 'doc/v8_internals.md', 436, 420 ]
286 silly gunzTarPerm extractEntry lib/nib/normalize/index.styl
287 silly gunzTarPerm modified mode [ 'lib/nib/normalize/index.styl', 436, 420 ]
288 silly gunzTarPerm extractEntry lib/nib/normalize/links.styl
289 silly gunzTarPerm modified mode [ 'lib/nib/normalize/links.styl', 436, 420 ]
290 silly gunzTarPerm extractEntry src/FontFace.h
291 silly gunzTarPerm extractEntry src/Canvas.h
292 silly gunzTarPerm extractEntry doc/v8_misc.md
293 silly gunzTarPerm modified mode [ 'doc/v8_misc.md', 436, 420 ]
294 silly gunzTarPerm extractEntry nan.h
295 silly gunzTarPerm modified mode [ 'nan.h', 436, 420 ]
296 silly gunzTarPerm extractEntry lib/nib/normalize/tables.styl
297 silly gunzTarPerm modified mode [ 'lib/nib/normalize/tables.styl', 436, 420 ]
298 silly gunzTarPerm extractEntry lib/nib/normalize/text.styl
299 silly gunzTarPerm modified mode [ 'lib/nib/normalize/text.styl', 436, 420 ]
300 silly gunzTarPerm extractEntry src/Image.h
301 silly gunzTarPerm extractEntry src/ImageData.cc
302 silly gunzTarPerm extractEntry nan_callbacks.h
303 silly gunzTarPerm modified mode [ 'nan_callbacks.h', 436, 420 ]
304 silly gunzTarPerm extractEntry nan_callbacks_12_inl.h
305 silly gunzTarPerm modified mode [ 'nan_callbacks_12_inl.h', 436, 420 ]
306 silly gunzTarPerm extractEntry nan_callbacks_pre_12_inl.h
307 silly gunzTarPerm modified mode [ 'nan_callbacks_pre_12_inl.h', 436, 420 ]
308 silly gunzTarPerm extractEntry nan_converters_43_inl.h
309 silly gunzTarPerm modified mode [ 'nan_converters_43_inl.h', 436, 420 ]
310 silly gunzTarPerm extractEntry lib/nib/overflow.styl
311 silly gunzTarPerm modified mode [ 'lib/nib/overflow.styl', 436, 420 ]
312 silly gunzTarPerm extractEntry lib/nib/positions.styl
313 silly gunzTarPerm extractEntry src/ImageData.h
314 silly gunzTarPerm extractEntry src/JPEGStream.h
315 silly gunzTarPerm extractEntry src/PNG.h
316 silly gunzTarPerm extractEntry src/Point.h
317 silly gunzTarPerm extractEntry nan_converters_pre_43_inl.h
318 silly gunzTarPerm modified mode [ 'nan_converters_pre_43_inl.h', 436, 420 ]
319 silly gunzTarPerm extractEntry nan_implementation_12_inl.h
320 silly gunzTarPerm modified mode [ 'nan_implementation_12_inl.h', 436, 420 ]
321 silly gunzTarPerm extractEntry nan_implementation_pre_12_inl.h
322 silly gunzTarPerm modified mode [ 'nan_implementation_pre_12_inl.h', 436, 420 ]
323 silly gunzTarPerm extractEntry nan_maybe_43_inl.h
324 silly gunzTarPerm modified mode [ 'nan_maybe_43_inl.h', 436, 420 ]
325 silly gunzTarPerm extractEntry lib/nib/reset.styl
326 silly gunzTarPerm modified mode [ 'lib/nib/reset.styl', 436, 420 ]
327 silly gunzTarPerm extractEntry lib/nib/size.styl
328 silly gunzTarPerm extractEntry src/closure.h
329 silly gunzTarPerm extractEntry src/color.cc
330 silly gunzTarPerm extractEntry nan_maybe_pre_43_inl.h
331 silly gunzTarPerm modified mode [ 'nan_maybe_pre_43_inl.h', 436, 420 ]
332 silly gunzTarPerm extractEntry nan_new.h
333 silly gunzTarPerm modified mode [ 'nan_new.h', 436, 420 ]
334 silly gunzTarPerm extractEntry lib/nib/text/aliases.styl
335 silly gunzTarPerm modified mode [ 'lib/nib/text/aliases.styl', 436, 420 ]
336 silly gunzTarPerm extractEntry lib/nib/text/ellipsis.styl
337 silly gunzTarPerm modified mode [ 'lib/nib/text/ellipsis.styl', 436, 420 ]
338 silly gunzTarPerm extractEntry nan_object_wrap.h
339 silly gunzTarPerm modified mode [ 'nan_object_wrap.h', 436, 420 ]
340 silly gunzTarPerm extractEntry nan_persistent_12_inl.h
341 silly gunzTarPerm modified mode [ 'nan_persistent_12_inl.h', 436, 420 ]
342 silly gunzTarPerm extractEntry src/color.h
343 silly gunzTarPerm extractEntry src/init.cc
344 silly gunzTarPerm extractEntry lib/nib/text/hide-text.styl
345 silly gunzTarPerm modified mode [ 'lib/nib/text/hide-text.styl', 436, 420 ]
346 silly gunzTarPerm extractEntry lib/nib/text/index.styl
347 silly gunzTarPerm modified mode [ 'lib/nib/text/index.styl', 436, 420 ]
348 silly gunzTarPerm extractEntry nan_persistent_pre_12_inl.h
349 silly gunzTarPerm modified mode [ 'nan_persistent_pre_12_inl.h', 436, 420 ]
350 silly gunzTarPerm extractEntry nan_string_bytes.h
351 silly gunzTarPerm modified mode [ 'nan_string_bytes.h', 436, 420 ]
352 silly gunzTarPerm extractEntry util/has_lib.sh
353 silly gunzTarPerm extractEntry lib/nib/text/replace-text.styl
354 silly gunzTarPerm modified mode [ 'lib/nib/text/replace-text.styl', 436, 420 ]
355 silly gunzTarPerm extractEntry lib/nib/text/shadow-stroke.styl
356 silly gunzTarPerm extractEntry nan_typedarray_contents.h
357 silly gunzTarPerm modified mode [ 'nan_typedarray_contents.h', 436, 420 ]
358 silly gunzTarPerm extractEntry nan_weak.h
359 silly gunzTarPerm modified mode [ 'nan_weak.h', 436, 420 ]
360 silly gunzTarPerm extractEntry lib/nib/vendor.styl
361 silly gunzTarPerm modified mode [ 'lib/nib/vendor.styl', 436, 420 ]
362 silly gunzTarPerm extractEntry lib/nodes/color-image.js
363 silly gunzTarPerm modified mode [ 'lib/nodes/color-image.js', 436, 420 ]
364 silly gunzTarPerm extractEntry CHANGELOG.md
365 silly gunzTarPerm modified mode [ 'CHANGELOG.md', 436, 420 ]
366 silly gunzTarPerm extractEntry tools/package.json
367 silly gunzTarPerm modified mode [ 'tools/package.json', 436, 420 ]
368 silly gunzTarPerm extractEntry lib/nodes/gradient.js
369 silly gunzTarPerm modified mode [ 'lib/nodes/gradient.js', 436, 420 ]
370 silly gunzTarPerm extractEntry lib/nodes/vendor-helpers.js
371 silly gunzTarPerm modified mode [ 'lib/nodes/vendor-helpers.js', 436, 420 ]
372 silly gunzTarPerm extractEntry tools/README.md
373 silly gunzTarPerm modified mode [ 'tools/README.md', 436, 420 ]
374 silly gunzTarPerm extractEntry tools/1to2.js
375 silly gunzTarPerm modified mode [ 'tools/1to2.js', 509, 493 ]
376 silly gunzTarPerm extractEntry .travis.yml
377 silly gunzTarPerm modified mode [ '.travis.yml', 436, 420 ]
378 silly gentlyRm /Users/florencewu/Desktop/Networking/Eden/node_modules/.staging/canvas-24934df6/node_modules is being purged
379 verbose gentlyRm don't care about contents; nuking /Users/florencewu/Desktop/Networking/Eden/node_modules/.staging/canvas-24934df6/node_modules
380 silly gentlyRm /Users/florencewu/Desktop/Networking/Eden/node_modules/.staging/nan-79f94fb3/node_modules is being purged
381 verbose gentlyRm don't care about contents; nuking /Users/florencewu/Desktop/Networking/Eden/node_modules/.staging/nan-79f94fb3/node_modules
382 silly gentlyRm /Users/florencewu/Desktop/Networking/Eden/node_modules/.staging/nib-96814947/node_modules is being purged
383 verbose gentlyRm don't care about contents; nuking /Users/florencewu/Desktop/Networking/Eden/node_modules/.staging/nib-96814947/node_modules
384 silly doParallel preinstall 3
385 silly preinstall nan@2.2.1 /Users/florencewu/Desktop/Networking/Eden/node_modules/.staging/nan-79f94fb3
386 info lifecycle nan@2.2.1~preinstall: nan@2.2.1
387 silly preinstall canvas@1.3.12 /Users/florencewu/Desktop/Networking/Eden/node_modules/.staging/canvas-24934df6
388 info lifecycle canvas@1.3.12~preinstall: canvas@1.3.12
389 silly preinstall nib@1.1.0 /Users/florencewu/Desktop/Networking/Eden/node_modules/.staging/nib-96814947
390 info lifecycle nib@1.1.0~preinstall: nib@1.1.0
391 silly lifecycle nan@2.2.1~preinstall: no script for preinstall, continuing
392 silly lifecycle canvas@1.3.12~preinstall: no script for preinstall, continuing
393 silly lifecycle nib@1.1.0~preinstall: no script for preinstall, continuing
394 silly doReverseSerial remove 0
395 silly doSerial move 0
396 silly doSerial finalize 3
397 silly finalize /Users/florencewu/Desktop/Networking/Eden/node_modules/nan
398 silly finalize /Users/florencewu/Desktop/Networking/Eden/node_modules/canvas
399 silly finalize /Users/florencewu/Desktop/Networking/Eden/node_modules/nib
400 silly doSerial build 3
401 silly build nan@2.2.1
402 info linkStuff nan@2.2.1
403 silly linkStuff nan@2.2.1 has /Users/florencewu/Desktop/Networking/Eden/node_modules as its parent node_modules
404 verbose linkBins nan@2.2.1
405 verbose linkMans nan@2.2.1
406 silly build canvas@1.3.12
407 info linkStuff canvas@1.3.12
408 silly linkStuff canvas@1.3.12 has /Users/florencewu/Desktop/Networking/Eden/node_modules as its parent node_modules
409 verbose linkBins canvas@1.3.12
410 verbose linkMans canvas@1.3.12
411 silly build nib@1.1.0
412 info linkStuff nib@1.1.0
413 silly linkStuff nib@1.1.0 has /Users/florencewu/Desktop/Networking/Eden/node_modules as its parent node_modules
414 verbose linkBins nib@1.1.0
415 verbose linkMans nib@1.1.0
416 silly doSerial global-link 0
417 silly doParallel update-linked 0
418 silly doSerial install 3
419 silly install nan@2.2.1 /Users/florencewu/Desktop/Networking/Eden/node_modules/.staging/nan-79f94fb3
420 info lifecycle nan@2.2.1~install: nan@2.2.1
421 silly lifecycle nan@2.2.1~install: no script for install, continuing
422 silly install canvas@1.3.12 /Users/florencewu/Desktop/Networking/Eden/node_modules/.staging/canvas-24934df6
423 info lifecycle canvas@1.3.12~install: canvas@1.3.12
424 verbose lifecycle canvas@1.3.12~install: unsafe-perm in lifecycle false
425 verbose lifecycle canvas@1.3.12~install: PATH: /usr/local/lib/node_modules/npm/bin/node-gyp-bin:/Users/florencewu/Desktop/Networking/Eden/node_modules/canvas/node_modules/.bin:/Users/florencewu/Desktop/Networking/Eden/node_modules/.bin:/usr/local/bin:/usr/local/mysql/bin:/usr/local/bin:/usr/bin:/bin:/usr/sbin:/sbin:/opt/X11/bin:/usr/local/MacGPG2/bin
426 verbose lifecycle canvas@1.3.12~install: CWD: /Users/florencewu/Desktop/Networking/Eden/node_modules/canvas
427 silly lifecycle canvas@1.3.12~install: Args: [ '-c', 'node-gyp rebuild' ]
428 silly lifecycle canvas@1.3.12~install: Returned: code: 1  signal: null
429 info lifecycle canvas@1.3.12~install: Failed to exec install script
430 verbose unlock done using /Users/florencewu/.npm/_locks/staging-a8ec23e454354e91.lock for /Users/florencewu/Desktop/Networking/Eden/node_modules/.staging
431 silly rollbackFailedOptional Starting
432 silly rollbackFailedOptional Finishing
433 silly runTopLevelLifecycles Starting
434 silly runTopLevelLifecycles Finishing
435 silly install printInstalled
436 warn Failed to parse json
436 warn Trailing comma in object at 17:3
436 warn   }
436 warn   ^
437 warn File: /Users/florencewu/Desktop/Networking/Eden/package.json
438 warn Eden No description
439 warn Eden No repository field.
440 warn Eden No README data
441 warn Eden No license field.
442 verbose stack Error: canvas@1.3.12 install: `node-gyp rebuild`
442 verbose stack Exit status 1
442 verbose stack     at EventEmitter.<anonymous> (/usr/local/lib/node_modules/npm/lib/utils/lifecycle.js:239:16)
442 verbose stack     at emitTwo (events.js:87:13)
442 verbose stack     at EventEmitter.emit (events.js:172:7)
442 verbose stack     at ChildProcess.<anonymous> (/usr/local/lib/node_modules/npm/lib/utils/spawn.js:24:14)
442 verbose stack     at emitTwo (events.js:87:13)
442 verbose stack     at ChildProcess.emit (events.js:172:7)
442 verbose stack     at maybeClose (internal/child_process.js:827:16)
442 verbose stack     at Process.ChildProcess._handle.onexit (internal/child_process.js:211:5)
443 verbose pkgid canvas@1.3.12
444 verbose cwd /Users/florencewu/Desktop/Networking/Eden
445 error Darwin 15.0.0
446 error argv "/usr/local/bin/node" "/usr/local/bin/npm" "install" "canvas"
447 error node v4.4.2
448 error npm  v3.8.5
449 error code ELIFECYCLE
450 error canvas@1.3.12 install: `node-gyp rebuild`
450 error Exit status 1
451 error Failed at the canvas@1.3.12 install script 'node-gyp rebuild'.
451 error Make sure you have the latest version of node.js and npm installed.
451 error If you do, this is most likely a problem with the canvas package,
451 error not with npm itself.
451 error Tell the author that this fails on your system:
451 error     node-gyp rebuild
451 error You can get information on how to open an issue for this project with:
451 error     npm bugs canvas
451 error Or if that isn't available, you can get their info via:
451 error     npm owner ls canvas
451 error There is likely additional logging output above.
452 verbose exit [ 1, true ]
